11-Oct-2022 14:24:54.258 INFO [main] org.apache.catalina.startup.VersionLoggerListener.log Server version name:   Apache Tomcat/10.0.26
11-Oct-2022 14:24:54.261 INFO [main] org.apache.catalina.startup.VersionLoggerListener.log Server built:          Sep 23 2022 10:25:44 UTC
11-Oct-2022 14:24:54.262 INFO [main] org.apache.catalina.startup.VersionLoggerListener.log Server version number: 10.0.26.0
11-Oct-2022 14:24:54.262 INFO [main] org.apache.catalina.startup.VersionLoggerListener.log OS Name:               Windows 10
11-Oct-2022 14:24:54.262 INFO [main] org.apache.catalina.startup.VersionLoggerListener.log OS Version:            10.0
11-Oct-2022 14:24:54.262 INFO [main] org.apache.catalina.startup.VersionLoggerListener.log Architecture:          amd64
11-Oct-2022 14:24:54.263 INFO [main] org.apache.catalina.startup.VersionLoggerListener.log Java Home:             C:\Program Files\Java\jdk-17.0.4.1
11-Oct-2022 14:24:54.263 INFO [main] org.apache.catalina.startup.VersionLoggerListener.log JVM Version:           17.0.4.1+1-LTS-2
11-Oct-2022 14:24:54.263 INFO [main] org.apache.catalina.startup.VersionLoggerListener.log JVM Vendor:            Oracle Corporation
11-Oct-2022 14:24:54.263 INFO [main] org.apache.catalina.startup.VersionLoggerListener.log CATALINA_BASE:         C:\cUni\3year\IES_104360\lab2\lab2_1\apache-tomcat-10.0.26
11-Oct-2022 14:24:54.263 INFO [main] org.apache.catalina.startup.VersionLoggerListener.log CATALINA_HOME:         C:\cUni\3year\IES_104360\lab2\lab2_1\apache-tomcat-10.0.26
11-Oct-2022 14:24:54.274 INFO [main] org.apache.catalina.startup.VersionLoggerListener.log Command line argument: --add-opens=java.base/java.lang=ALL-UNNAMED
11-Oct-2022 14:24:54.274 INFO [main] org.apache.catalina.startup.VersionLoggerListener.log Command line argument: --add-opens=java.base/java.io=ALL-UNNAMED
11-Oct-2022 14:24:54.274 INFO [main] org.apache.catalina.startup.VersionLoggerListener.log Command line argument: --add-opens=java.base/java.util=ALL-UNNAMED
11-Oct-2022 14:24:54.274 INFO [main] org.apache.catalina.startup.VersionLoggerListener.log Command line argument: --add-opens=java.base/java.util.concurrent=ALL-UNNAMED
11-Oct-2022 14:24:54.274 INFO [main] org.apache.catalina.startup.VersionLoggerListener.log Command line argument: --add-opens=java.rmi/sun.rmi.transport=ALL-UNNAMED
11-Oct-2022 14:24:54.275 INFO [main] org.apache.catalina.startup.VersionLoggerListener.log Command line argument: -Djava.util.logging.config.file=C:\cUni\3year\IES_104360\lab2\lab2_1\apache-tomcat-10.0.26\conf\logging.properties
11-Oct-2022 14:24:54.275 INFO [main] org.apache.catalina.startup.VersionLoggerListener.log Command line argument: -Djava.util.logging.manager=org.apache.juli.ClassLoaderLogManager
11-Oct-2022 14:24:54.275 INFO [main] org.apache.catalina.startup.VersionLoggerListener.log Command line argument: -Djdk.tls.ephemeralDHKeySize=2048
11-Oct-2022 14:24:54.275 INFO [main] org.apache.catalina.startup.VersionLoggerListener.log Command line argument: -Djava.protocol.handler.pkgs=org.apache.catalina.webresources
11-Oct-2022 14:24:54.276 INFO [main] org.apache.catalina.startup.VersionLoggerListener.log Command line argument: -Dignore.endorsed.dirs=
11-Oct-2022 14:24:54.276 INFO [main] org.apache.catalina.startup.VersionLoggerListener.log Command line argument: -Dcatalina.base=C:\cUni\3year\IES_104360\lab2\lab2_1\apache-tomcat-10.0.26
11-Oct-2022 14:24:54.276 INFO [main] org.apache.catalina.startup.VersionLoggerListener.log Command line argument: -Dcatalina.home=C:\cUni\3year\IES_104360\lab2\lab2_1\apache-tomcat-10.0.26
11-Oct-2022 14:24:54.276 INFO [main] org.apache.catalina.startup.VersionLoggerListener.log Command line argument: -Djava.io.tmpdir=C:\cUni\3year\IES_104360\lab2\lab2_1\apache-tomcat-10.0.26\temp
11-Oct-2022 14:24:54.285 INFO [main] org.apache.catalina.core.AprLifecycleListener.lifecycleEvent The Apache Tomcat Native library which allows using OpenSSL was not found on the java.library.path: [C:\Program Files\Java\jdk-17.0.4.1\bin;C:\Windows\Sun\Java\bin;C:\Windows\system32;C:\Windows;C:\Program Files\Common Files\Oracle\Java\javapath;C:\Program Files (x86)\Common Files\Oracle\Java\javapath;C:\Windows\system32;C:\Windows;C:\Windows\System32\Wbem;C:\Windows\System32\WindowsPowerShell\v1.0\;C:\Windows\System32\OpenSSH\;C:\Program Files (x86)\NVIDIA Corporation\PhysX\Common;C:\Program Files\nodejs\;C:\Program Files\MATLAB\R2021b\bin;C:\Program Files\PuTTY\;C:\Program Files\Git\cmd;C:\Program Files (x86)\Microsoft SQL Server\150\DTS\Binn\;C:\Program Files\Azure Data Studio\bin;C:\Program Files\dotnet\;C:\Program Files\Microsoft SQL Server\Client SDK\ODBC\170\Tools\Binn\;C:\Program Files (x86)\Microsoft SQL Server\150\Tools\Binn\;C:\Program Files\Microsoft SQL Server\150\Tools\Binn\;C:\Program Files\Microsoft SQL Server\150\DTS\Binn\;C:\apache-maven-3.8.6-bin\apache-maven-3.8.6\bin;;C:\Program Files\Docker\Docker\resources\bin;C:\ProgramData\DockerDesktop\version-bin;C:\Users\jtele\AppData\Local\Programs\AdoptOpenJDK\jdk-11.0.11.9-hotspot\bin;C:\Users\jtele\AppData\Local\Microsoft\WindowsApps;C:\Users\jtele\AppData\Local\Programs\Microsoft VS Code\bin;C:\php;C:\Users\jtele\AppData\Roaming\npm;C:\Users\jtele\AppData\Local\GitHubDesktop\bin;C:\Program Files\Azure Data Studio\bin;C:\Users\jtele\.dotnet\tools;C:\FrameWorks\flutter\bin;;.]
11-Oct-2022 14:24:54.495 INFO [main] org.apache.coyote.AbstractProtocol.init Initializing ProtocolHandler ["http-nio-8080"]
11-Oct-2022 14:24:54.520 INFO [main] org.apache.catalina.startup.Catalina.load Server initialization in [422] milliseconds
11-Oct-2022 14:24:54.562 INFO [main] org.apache.catalina.core.StandardService.startInternal Starting service [Catalina]
11-Oct-2022 14:24:54.562 INFO [main] org.apache.catalina.core.StandardEngine.startInternal Starting Servlet engine: [Apache Tomcat/10.0.26]
11-Oct-2022 14:24:54.593 INFO [main] org.apache.catalina.startup.HostConfig.deployWAR Deploying web application archive [C:\cUni\3year\IES_104360\lab2\lab2_1\apache-tomcat-10.0.26\webapps\web_app-1.1.war]
11-Oct-2022 14:24:54.867 INFO [main] org.apache.catalina.startup.HostConfig.deployWAR Deployment of web application archive [C:\cUni\3year\IES_104360\lab2\lab2_1\apache-tomcat-10.0.26\webapps\web_app-1.1.war] has finished in [273] ms
11-Oct-2022 14:24:54.888 INFO [main] org.apache.catalina.startup.HostConfig.deployWAR Deploying web application archive [C:\cUni\3year\IES_104360\lab2\lab2_1\apache-tomcat-10.0.26\webapps\web_app-1.2.war]
11-Oct-2022 14:24:54.933 INFO [main] org.apache.catalina.startup.HostConfig.deployWAR Deployment of web application archive [C:\cUni\3year\IES_104360\lab2\lab2_1\apache-tomcat-10.0.26\webapps\web_app-1.2.war] has finished in [45] ms
11-Oct-2022 14:24:54.934 INFO [main] org.apache.catalina.startup.HostConfig.deployDirectory Deploying web application directory [C:\cUni\3year\IES_104360\lab2\lab2_1\apache-tomcat-10.0.26\webapps\docs]
11-Oct-2022 14:24:54.966 INFO [main] org.apache.catalina.startup.HostConfig.deployDirectory Deployment of web application directory [C:\cUni\3year\IES_104360\lab2\lab2_1\apache-tomcat-10.0.26\webapps\docs] has finished in [32] ms
11-Oct-2022 14:24:54.967 INFO [main] org.apache.catalina.startup.HostConfig.deployDirectory Deploying web application directory [C:\cUni\3year\IES_104360\lab2\lab2_1\apache-tomcat-10.0.26\webapps\examples]
11-Oct-2022 14:24:55.502 INFO [main] org.apache.catalina.startup.HostConfig.deployDirectory Deployment of web application directory [C:\cUni\3year\IES_104360\lab2\lab2_1\apache-tomcat-10.0.26\webapps\examples] has finished in [535] ms
11-Oct-2022 14:24:55.503 INFO [main] org.apache.catalina.startup.HostConfig.deployDirectory Deploying web application directory [C:\cUni\3year\IES_104360\lab2\lab2_1\apache-tomcat-10.0.26\webapps\host-manager]
11-Oct-2022 14:24:55.549 INFO [main] org.apache.catalina.startup.HostConfig.deployDirectory Deployment of web application directory [C:\cUni\3year\IES_104360\lab2\lab2_1\apache-tomcat-10.0.26\webapps\host-manager] has finished in [45] ms
11-Oct-2022 14:24:55.549 INFO [main] org.apache.catalina.startup.HostConfig.deployDirectory Deploying web application directory [C:\cUni\3year\IES_104360\lab2\lab2_1\apache-tomcat-10.0.26\webapps\manager]
11-Oct-2022 14:24:55.588 INFO [main] org.apache.catalina.startup.HostConfig.deployDirectory Deployment of web application directory [C:\cUni\3year\IES_104360\lab2\lab2_1\apache-tomcat-10.0.26\webapps\manager] has finished in [39] ms
11-Oct-2022 14:24:55.589 INFO [main] org.apache.catalina.startup.HostConfig.deployDirectory Deploying web application directory [C:\cUni\3year\IES_104360\lab2\lab2_1\apache-tomcat-10.0.26\webapps\ROOT]
11-Oct-2022 14:24:55.613 INFO [main] org.apache.catalina.startup.HostConfig.deployDirectory Deployment of web application directory [C:\cUni\3year\IES_104360\lab2\lab2_1\apache-tomcat-10.0.26\webapps\ROOT] has finished in [24] ms
11-Oct-2022 14:24:55.617 INFO [main] org.apache.coyote.AbstractProtocol.start Starting ProtocolHandler ["http-nio-8080"]
11-Oct-2022 14:24:55.672 INFO [main] org.apache.catalina.startup.Catalina.start Server startup in [1151] milliseconds
11-Oct-2022 14:28:34.673 INFO [http-nio-8080-exec-9] org.apache.catalina.startup.HostConfig.deployWAR Deploying web application archive [C:\cUni\3year\IES_104360\lab2\lab2_1\apache-tomcat-10.0.26\webapps\web_app-1.3.war]
11-Oct-2022 14:28:34.717 INFO [http-nio-8080-exec-9] org.apache.catalina.startup.HostConfig.deployWAR Deployment of web application archive [C:\cUni\3year\IES_104360\lab2\lab2_1\apache-tomcat-10.0.26\webapps\web_app-1.3.war] has finished in [44] ms
11-Oct-2022 14:34:23.814 INFO [http-nio-8080-exec-10] org.apache.catalina.startup.HostConfig.undeploy Undeploying context [/web_app-1.2]
11-Oct-2022 14:34:26.086 INFO [http-nio-8080-exec-2] org.apache.catalina.startup.HostConfig.undeploy Undeploying context [/web_app-1.1]
11-Oct-2022 14:34:34.632 INFO [http-nio-8080-exec-3] org.apache.catalina.startup.HostConfig.undeploy Undeploying context [/web_app-1.3]
11-Oct-2022 14:34:52.152 INFO [http-nio-8080-exec-7] org.apache.catalina.startup.HostConfig.deployWAR Deploying web application archive [C:\cUni\3year\IES_104360\lab2\lab2_1\apache-tomcat-10.0.26\webapps\web_app-1.1.war]
11-Oct-2022 14:34:52.193 INFO [http-nio-8080-exec-7] org.apache.catalina.startup.HostConfig.deployWAR Deployment of web application archive [C:\cUni\3year\IES_104360\lab2\lab2_1\apache-tomcat-10.0.26\webapps\web_app-1.1.war] has finished in [40] ms
11-Oct-2022 14:35:14.461 INFO [http-nio-8080-exec-11] org.apache.catalina.startup.HostConfig.undeploy Undeploying context [/web_app-1.1]
11-Oct-2022 14:38:29.624 INFO [http-nio-8080-exec-17] org.apache.catalina.startup.HostConfig.deployWAR Deploying web application archive [C:\cUni\3year\IES_104360\lab2\lab2_1\apache-tomcat-10.0.26\webapps\web_app-1.1.war]
11-Oct-2022 14:38:29.663 INFO [http-nio-8080-exec-17] org.apache.catalina.startup.HostConfig.deployWAR Deployment of web application archive [C:\cUni\3year\IES_104360\lab2\lab2_1\apache-tomcat-10.0.26\webapps\web_app-1.1.war] has finished in [39] ms
11-Oct-2022 14:39:36.549 INFO [http-nio-8080-exec-19] org.apache.catalina.startup.HostConfig.deployWAR Deploying web application archive [C:\cUni\3year\IES_104360\lab2\lab2_1\apache-tomcat-10.0.26\webapps\web_app-1.4.war]
11-Oct-2022 14:39:36.591 INFO [http-nio-8080-exec-19] org.apache.catalina.startup.HostConfig.deployWAR Deployment of web application archive [C:\cUni\3year\IES_104360\lab2\lab2_1\apache-tomcat-10.0.26\webapps\web_app-1.4.war] has finished in [42] ms
11-Oct-2022 15:14:22.668 INFO [http-nio-8080-exec-25] org.apache.catalina.startup.HostConfig.undeploy Undeploying context [/web_app-1.4]
11-Oct-2022 15:14:24.704 INFO [http-nio-8080-exec-21] org.apache.catalina.startup.HostConfig.undeploy Undeploying context [/web_app-1.1]
11-Oct-2022 15:14:34.838 INFO [http-nio-8080-exec-24] org.apache.catalina.startup.HostConfig.deployWAR Deploying web application archive [C:\cUni\3year\IES_104360\lab2\lab2_1\apache-tomcat-10.0.26\webapps\first_servlet-1.1.war]
11-Oct-2022 15:14:34.879 INFO [http-nio-8080-exec-24] org.apache.catalina.startup.HostConfig.deployWAR Deployment of web application archive [C:\cUni\3year\IES_104360\lab2\lab2_1\apache-tomcat-10.0.26\webapps\first_servlet-1.1.war] has finished in [40] ms
11-Oct-2022 15:53:26.147 INFO [Thread-1] org.apache.coyote.AbstractProtocol.pause Pausing ProtocolHandler ["http-nio-8080"]
11-Oct-2022 15:53:26.158 INFO [Thread-1] org.apache.catalina.core.StandardService.stopInternal Stopping service [Catalina]
11-Oct-2022 15:53:26.168 INFO [Thread-1] org.apache.coyote.AbstractProtocol.stop Stopping ProtocolHandler ["http-nio-8080"]
11-Oct-2022 15:53:26.186 INFO [Thread-1] org.apache.coyote.AbstractProtocol.destroy Destroying ProtocolHandler ["http-nio-8080"]
