17-Oct-2022 11:48:04.940 INFO [main] org.apache.catalina.startup.VersionLoggerListener.log Server version name:   Apache Tomcat/10.0.26
17-Oct-2022 11:48:04.949 INFO [main] org.apache.catalina.startup.VersionLoggerListener.log Server built:          Sep 23 2022 10:25:44 UTC
17-Oct-2022 11:48:04.950 INFO [main] org.apache.catalina.startup.VersionLoggerListener.log Server version number: 10.0.26.0
17-Oct-2022 11:48:04.950 INFO [main] org.apache.catalina.startup.VersionLoggerListener.log OS Name:               Windows 10
17-Oct-2022 11:48:04.951 INFO [main] org.apache.catalina.startup.VersionLoggerListener.log OS Version:            10.0
17-Oct-2022 11:48:04.951 INFO [main] org.apache.catalina.startup.VersionLoggerListener.log Architecture:          amd64
17-Oct-2022 11:48:04.951 INFO [main] org.apache.catalina.startup.VersionLoggerListener.log Java Home:             C:\Program Files\Java\jdk-17.0.4.1
17-Oct-2022 11:48:04.951 INFO [main] org.apache.catalina.startup.VersionLoggerListener.log JVM Version:           17.0.4.1+1-LTS-2
17-Oct-2022 11:48:04.951 INFO [main] org.apache.catalina.startup.VersionLoggerListener.log JVM Vendor:            Oracle Corporation
17-Oct-2022 11:48:04.951 INFO [main] org.apache.catalina.startup.VersionLoggerListener.log CATALINA_BASE:         C:\cUni\3year\IES_104360\lab2\lab2_1\apache-tomcat-10.0.26
17-Oct-2022 11:48:04.953 INFO [main] org.apache.catalina.startup.VersionLoggerListener.log CATALINA_HOME:         C:\cUni\3year\IES_104360\lab2\lab2_1\apache-tomcat-10.0.26
17-Oct-2022 11:48:04.981 INFO [main] org.apache.catalina.startup.VersionLoggerListener.log Command line argument: --add-opens=java.base/java.lang=ALL-UNNAMED
17-Oct-2022 11:48:04.981 INFO [main] org.apache.catalina.startup.VersionLoggerListener.log Command line argument: --add-opens=java.base/java.io=ALL-UNNAMED
17-Oct-2022 11:48:04.982 INFO [main] org.apache.catalina.startup.VersionLoggerListener.log Command line argument: --add-opens=java.base/java.util=ALL-UNNAMED
17-Oct-2022 11:48:04.983 INFO [main] org.apache.catalina.startup.VersionLoggerListener.log Command line argument: --add-opens=java.base/java.util.concurrent=ALL-UNNAMED
17-Oct-2022 11:48:04.983 INFO [main] org.apache.catalina.startup.VersionLoggerListener.log Command line argument: --add-opens=java.rmi/sun.rmi.transport=ALL-UNNAMED
17-Oct-2022 11:48:04.984 INFO [main] org.apache.catalina.startup.VersionLoggerListener.log Command line argument: -Djava.util.logging.config.file=C:\cUni\3year\IES_104360\lab2\lab2_1\apache-tomcat-10.0.26\conf\logging.properties
17-Oct-2022 11:48:04.984 INFO [main] org.apache.catalina.startup.VersionLoggerListener.log Command line argument: -Djava.util.logging.manager=org.apache.juli.ClassLoaderLogManager
17-Oct-2022 11:48:04.984 INFO [main] org.apache.catalina.startup.VersionLoggerListener.log Command line argument: -Djdk.tls.ephemeralDHKeySize=2048
17-Oct-2022 11:48:04.986 INFO [main] org.apache.catalina.startup.VersionLoggerListener.log Command line argument: -Djava.protocol.handler.pkgs=org.apache.catalina.webresources
17-Oct-2022 11:48:04.986 INFO [main] org.apache.catalina.startup.VersionLoggerListener.log Command line argument: -Dignore.endorsed.dirs=
17-Oct-2022 11:48:04.987 INFO [main] org.apache.catalina.startup.VersionLoggerListener.log Command line argument: -Dcatalina.base=C:\cUni\3year\IES_104360\lab2\lab2_1\apache-tomcat-10.0.26
17-Oct-2022 11:48:04.988 INFO [main] org.apache.catalina.startup.VersionLoggerListener.log Command line argument: -Dcatalina.home=C:\cUni\3year\IES_104360\lab2\lab2_1\apache-tomcat-10.0.26
17-Oct-2022 11:48:04.988 INFO [main] org.apache.catalina.startup.VersionLoggerListener.log Command line argument: -Djava.io.tmpdir=C:\cUni\3year\IES_104360\lab2\lab2_1\apache-tomcat-10.0.26\temp
17-Oct-2022 11:48:05.004 INFO [main] org.apache.catalina.core.AprLifecycleListener.lifecycleEvent The Apache Tomcat Native library which allows using OpenSSL was not found on the java.library.path: [C:\Program Files\Java\jdk-17.0.4.1\bin;C:\Windows\Sun\Java\bin;C:\Windows\system32;C:\Windows;C:\Program Files\Common Files\Oracle\Java\javapath;C:\Program Files (x86)\Common Files\Oracle\Java\javapath;C:\Windows\system32;C:\Windows;C:\Windows\System32\Wbem;C:\Windows\System32\WindowsPowerShell\v1.0\;C:\Windows\System32\OpenSSH\;C:\Program Files (x86)\NVIDIA Corporation\PhysX\Common;C:\Program Files\nodejs\;C:\Program Files\MATLAB\R2021b\bin;C:\Program Files\PuTTY\;C:\Program Files\Git\cmd;C:\Program Files (x86)\Microsoft SQL Server\150\DTS\Binn\;C:\Program Files\Azure Data Studio\bin;C:\Program Files\dotnet\;C:\Program Files\Microsoft SQL Server\Client SDK\ODBC\170\Tools\Binn\;C:\Program Files (x86)\Microsoft SQL Server\150\Tools\Binn\;C:\Program Files\Microsoft SQL Server\150\Tools\Binn\;C:\Program Files\Microsoft SQL Server\150\DTS\Binn\;C:\apache-maven-3.8.6-bin\apache-maven-3.8.6\bin;;C:\Program Files\Docker\Docker\resources\bin;C:\ProgramData\DockerDesktop\version-bin;C:\Users\jtele\AppData\Local\Programs\AdoptOpenJDK\jdk-11.0.11.9-hotspot\bin;C:\Users\jtele\AppData\Local\Microsoft\WindowsApps;C:\Users\jtele\AppData\Local\Programs\Microsoft VS Code\bin;C:\php;C:\Users\jtele\AppData\Roaming\npm;C:\Users\jtele\AppData\Local\GitHubDesktop\bin;C:\Program Files\Azure Data Studio\bin;C:\Users\jtele\.dotnet\tools;C:\FrameWorks\flutter\bin;;.]
17-Oct-2022 11:48:05.462 INFO [main] org.apache.coyote.AbstractProtocol.init Initializing ProtocolHandler ["http-nio-8080"]
17-Oct-2022 11:48:05.499 INFO [main] org.apache.catalina.startup.Catalina.load Server initialization in [949] milliseconds
17-Oct-2022 11:48:05.557 INFO [main] org.apache.catalina.core.StandardService.startInternal Starting service [Catalina]
17-Oct-2022 11:48:05.557 INFO [main] org.apache.catalina.core.StandardEngine.startInternal Starting Servlet engine: [Apache Tomcat/10.0.26]
17-Oct-2022 11:48:05.617 INFO [main] org.apache.catalina.startup.HostConfig.deployWAR Deploying web application archive [C:\cUni\3year\IES_104360\lab2\lab2_1\apache-tomcat-10.0.26\webapps\first_servlet-1.1.war]
17-Oct-2022 11:48:06.115 INFO [main] org.apache.catalina.startup.HostConfig.deployWAR Deployment of web application archive [C:\cUni\3year\IES_104360\lab2\lab2_1\apache-tomcat-10.0.26\webapps\first_servlet-1.1.war] has finished in [498] ms
17-Oct-2022 11:48:06.115 INFO [main] org.apache.catalina.startup.HostConfig.deployDirectory Deploying web application directory [C:\cUni\3year\IES_104360\lab2\lab2_1\apache-tomcat-10.0.26\webapps\docs]
17-Oct-2022 11:48:06.179 INFO [main] org.apache.catalina.startup.HostConfig.deployDirectory Deployment of web application directory [C:\cUni\3year\IES_104360\lab2\lab2_1\apache-tomcat-10.0.26\webapps\docs] has finished in [64] ms
17-Oct-2022 11:48:06.185 INFO [main] org.apache.catalina.startup.HostConfig.deployDirectory Deploying web application directory [C:\cUni\3year\IES_104360\lab2\lab2_1\apache-tomcat-10.0.26\webapps\examples]
17-Oct-2022 11:48:07.355 INFO [main] org.apache.catalina.startup.HostConfig.deployDirectory Deployment of web application directory [C:\cUni\3year\IES_104360\lab2\lab2_1\apache-tomcat-10.0.26\webapps\examples] has finished in [1,170] ms
17-Oct-2022 11:48:07.355 INFO [main] org.apache.catalina.startup.HostConfig.deployDirectory Deploying web application directory [C:\cUni\3year\IES_104360\lab2\lab2_1\apache-tomcat-10.0.26\webapps\host-manager]
17-Oct-2022 11:48:07.418 INFO [main] org.apache.catalina.startup.HostConfig.deployDirectory Deployment of web application directory [C:\cUni\3year\IES_104360\lab2\lab2_1\apache-tomcat-10.0.26\webapps\host-manager] has finished in [63] ms
17-Oct-2022 11:48:07.418 INFO [main] org.apache.catalina.startup.HostConfig.deployDirectory Deploying web application directory [C:\cUni\3year\IES_104360\lab2\lab2_1\apache-tomcat-10.0.26\webapps\manager]
17-Oct-2022 11:48:07.484 INFO [main] org.apache.catalina.startup.HostConfig.deployDirectory Deployment of web application directory [C:\cUni\3year\IES_104360\lab2\lab2_1\apache-tomcat-10.0.26\webapps\manager] has finished in [66] ms
17-Oct-2022 11:48:07.484 INFO [main] org.apache.catalina.startup.HostConfig.deployDirectory Deploying web application directory [C:\cUni\3year\IES_104360\lab2\lab2_1\apache-tomcat-10.0.26\webapps\ROOT]
17-Oct-2022 11:48:07.518 INFO [main] org.apache.catalina.startup.HostConfig.deployDirectory Deployment of web application directory [C:\cUni\3year\IES_104360\lab2\lab2_1\apache-tomcat-10.0.26\webapps\ROOT] has finished in [34] ms
17-Oct-2022 11:48:07.518 INFO [main] org.apache.coyote.AbstractProtocol.start Starting ProtocolHandler ["http-nio-8080"]
17-Oct-2022 11:48:07.598 INFO [main] org.apache.catalina.startup.Catalina.start Server startup in [2098] milliseconds
17-Oct-2022 11:50:00.114 INFO [http-nio-8080-exec-2] org.apache.catalina.startup.HostConfig.deployWAR Deploying web application archive [C:\cUni\3year\IES_104360\lab2\lab2_1\apache-tomcat-10.0.26\webapps\web_app-1.1.war]
17-Oct-2022 11:50:00.322 INFO [http-nio-8080-exec-2] org.apache.catalina.startup.HostConfig.deployWAR Deployment of web application archive [C:\cUni\3year\IES_104360\lab2\lab2_1\apache-tomcat-10.0.26\webapps\web_app-1.1.war] has finished in [208] ms
17-Oct-2022 11:58:11.606 INFO [http-nio-8080-exec-7] org.apache.catalina.startup.HostConfig.undeploy Undeploying context [/web_app-1.1]
17-Oct-2022 11:58:18.686 INFO [http-nio-8080-exec-10] org.apache.catalina.startup.HostConfig.deployWAR Deploying web application archive [C:\cUni\3year\IES_104360\lab2\lab2_1\apache-tomcat-10.0.26\webapps\web_app-1.1.war]
17-Oct-2022 11:58:19.400 INFO [http-nio-8080-exec-10] org.apache.catalina.startup.HostConfig.deployWAR Deployment of web application archive [C:\cUni\3year\IES_104360\lab2\lab2_1\apache-tomcat-10.0.26\webapps\web_app-1.1.war] has finished in [714] ms
17-Oct-2022 11:59:22.448 INFO [http-nio-8080-exec-11] org.apache.catalina.startup.HostConfig.deployWAR Deploying web application archive [C:\cUni\3year\IES_104360\lab2\lab2_1\apache-tomcat-10.0.26\webapps\web_app-1.2.war]
17-Oct-2022 11:59:23.149 INFO [http-nio-8080-exec-11] org.apache.catalina.startup.HostConfig.deployWAR Deployment of web application archive [C:\cUni\3year\IES_104360\lab2\lab2_1\apache-tomcat-10.0.26\webapps\web_app-1.2.war] has finished in [701] ms
17-Oct-2022 12:02:32.424 INFO [http-nio-8080-exec-13] org.apache.catalina.startup.HostConfig.undeploy Undeploying context [/web_app-1.2]
17-Oct-2022 12:02:34.627 INFO [http-nio-8080-exec-11] org.apache.catalina.startup.HostConfig.undeploy Undeploying context [/web_app-1.1]
17-Oct-2022 12:02:44.416 INFO [http-nio-8080-exec-18] org.apache.catalina.startup.HostConfig.deployWAR Deploying web application archive [C:\cUni\3year\IES_104360\lab2\lab2_1\apache-tomcat-10.0.26\webapps\web_app-1.1.war]
17-Oct-2022 12:02:44.964 INFO [http-nio-8080-exec-18] org.apache.catalina.startup.HostConfig.deployWAR Deployment of web application archive [C:\cUni\3year\IES_104360\lab2\lab2_1\apache-tomcat-10.0.26\webapps\web_app-1.1.war] has finished in [548] ms
17-Oct-2022 12:49:28.974 INFO [Thread-1] org.apache.coyote.AbstractProtocol.pause Pausing ProtocolHandler ["http-nio-8080"]
17-Oct-2022 12:49:29.017 INFO [Thread-1] org.apache.catalina.core.StandardService.stopInternal Stopping service [Catalina]
17-Oct-2022 12:49:29.055 INFO [Thread-1] org.apache.coyote.AbstractProtocol.stop Stopping ProtocolHandler ["http-nio-8080"]
17-Oct-2022 12:49:29.081 INFO [Thread-1] org.apache.coyote.AbstractProtocol.destroy Destroying ProtocolHandler ["http-nio-8080"]
