09-Oct-2022 15:21:55.899 INFO [main] org.apache.catalina.startup.VersionLoggerListener.log Server version name:   Apache Tomcat/10.0.26
09-Oct-2022 15:21:55.903 INFO [main] org.apache.catalina.startup.VersionLoggerListener.log Server built:          Sep 23 2022 10:25:44 UTC
09-Oct-2022 15:21:55.903 INFO [main] org.apache.catalina.startup.VersionLoggerListener.log Server version number: 10.0.26.0
09-Oct-2022 15:21:55.903 INFO [main] org.apache.catalina.startup.VersionLoggerListener.log OS Name:               Windows 10
09-Oct-2022 15:21:55.903 INFO [main] org.apache.catalina.startup.VersionLoggerListener.log OS Version:            10.0
09-Oct-2022 15:21:55.903 INFO [main] org.apache.catalina.startup.VersionLoggerListener.log Architecture:          amd64
09-Oct-2022 15:21:55.903 INFO [main] org.apache.catalina.startup.VersionLoggerListener.log Java Home:             C:\Program Files\Java\jdk-17.0.4.1
09-Oct-2022 15:21:55.903 INFO [main] org.apache.catalina.startup.VersionLoggerListener.log JVM Version:           17.0.4.1+1-LTS-2
09-Oct-2022 15:21:55.904 INFO [main] org.apache.catalina.startup.VersionLoggerListener.log JVM Vendor:            Oracle Corporation
09-Oct-2022 15:21:55.904 INFO [main] org.apache.catalina.startup.VersionLoggerListener.log CATALINA_BASE:         C:\cUni\3year\IES_104360\lab2\lab2_1\apache-tomcat-10.0.26
09-Oct-2022 15:21:55.904 INFO [main] org.apache.catalina.startup.VersionLoggerListener.log CATALINA_HOME:         C:\cUni\3year\IES_104360\lab2\lab2_1\apache-tomcat-10.0.26
09-Oct-2022 15:21:55.916 INFO [main] org.apache.catalina.startup.VersionLoggerListener.log Command line argument: --add-opens=java.base/java.lang=ALL-UNNAMED
09-Oct-2022 15:21:55.917 INFO [main] org.apache.catalina.startup.VersionLoggerListener.log Command line argument: --add-opens=java.base/java.io=ALL-UNNAMED
09-Oct-2022 15:21:55.917 INFO [main] org.apache.catalina.startup.VersionLoggerListener.log Command line argument: --add-opens=java.base/java.util=ALL-UNNAMED
09-Oct-2022 15:21:55.917 INFO [main] org.apache.catalina.startup.VersionLoggerListener.log Command line argument: --add-opens=java.base/java.util.concurrent=ALL-UNNAMED
09-Oct-2022 15:21:55.917 INFO [main] org.apache.catalina.startup.VersionLoggerListener.log Command line argument: --add-opens=java.rmi/sun.rmi.transport=ALL-UNNAMED
09-Oct-2022 15:21:55.917 INFO [main] org.apache.catalina.startup.VersionLoggerListener.log Command line argument: -Djava.util.logging.config.file=C:\cUni\3year\IES_104360\lab2\lab2_1\apache-tomcat-10.0.26\conf\logging.properties
09-Oct-2022 15:21:55.917 INFO [main] org.apache.catalina.startup.VersionLoggerListener.log Command line argument: -Djava.util.logging.manager=org.apache.juli.ClassLoaderLogManager
09-Oct-2022 15:21:55.917 INFO [main] org.apache.catalina.startup.VersionLoggerListener.log Command line argument: -Djdk.tls.ephemeralDHKeySize=2048
09-Oct-2022 15:21:55.918 INFO [main] org.apache.catalina.startup.VersionLoggerListener.log Command line argument: -Djava.protocol.handler.pkgs=org.apache.catalina.webresources
09-Oct-2022 15:21:55.918 INFO [main] org.apache.catalina.startup.VersionLoggerListener.log Command line argument: -Dignore.endorsed.dirs=
09-Oct-2022 15:21:55.918 INFO [main] org.apache.catalina.startup.VersionLoggerListener.log Command line argument: -Dcatalina.base=C:\cUni\3year\IES_104360\lab2\lab2_1\apache-tomcat-10.0.26
09-Oct-2022 15:21:55.918 INFO [main] org.apache.catalina.startup.VersionLoggerListener.log Command line argument: -Dcatalina.home=C:\cUni\3year\IES_104360\lab2\lab2_1\apache-tomcat-10.0.26
09-Oct-2022 15:21:55.919 INFO [main] org.apache.catalina.startup.VersionLoggerListener.log Command line argument: -Djava.io.tmpdir=C:\cUni\3year\IES_104360\lab2\lab2_1\apache-tomcat-10.0.26\temp
09-Oct-2022 15:21:55.926 INFO [main] org.apache.catalina.core.AprLifecycleListener.lifecycleEvent The Apache Tomcat Native library which allows using OpenSSL was not found on the java.library.path: [C:\Program Files\Java\jdk-17.0.4.1\bin;C:\Windows\Sun\Java\bin;C:\Windows\system32;C:\Windows;C:\Program Files\Common Files\Oracle\Java\javapath;C:\Program Files (x86)\Common Files\Oracle\Java\javapath;C:\Windows\system32;C:\Windows;C:\Windows\System32\Wbem;C:\Windows\System32\WindowsPowerShell\v1.0\;C:\Windows\System32\OpenSSH\;C:\Program Files (x86)\NVIDIA Corporation\PhysX\Common;C:\Program Files\nodejs\;C:\Program Files\MATLAB\R2021b\bin;C:\Program Files\PuTTY\;C:\Program Files\Git\cmd;C:\Program Files (x86)\Microsoft SQL Server\150\DTS\Binn\;C:\Program Files\Azure Data Studio\bin;C:\Program Files\dotnet\;C:\Program Files\Microsoft SQL Server\Client SDK\ODBC\170\Tools\Binn\;C:\Program Files (x86)\Microsoft SQL Server\150\Tools\Binn\;C:\Program Files\Microsoft SQL Server\150\Tools\Binn\;C:\Program Files\Microsoft SQL Server\150\DTS\Binn\;C:\apache-maven-3.8.6-bin\apache-maven-3.8.6\bin;;C:\Program Files\Docker\Docker\resources\bin;C:\ProgramData\DockerDesktop\version-bin;C:\Users\jtele\AppData\Local\Programs\AdoptOpenJDK\jdk-11.0.11.9-hotspot\bin;C:\Users\jtele\AppData\Local\Microsoft\WindowsApps;C:\Users\jtele\AppData\Local\Programs\Microsoft VS Code\bin;C:\php;C:\Users\jtele\AppData\Roaming\npm;C:\Users\jtele\AppData\Local\GitHubDesktop\bin;C:\Program Files\Azure Data Studio\bin;C:\Users\jtele\.dotnet\tools;C:\FrameWorks\flutter\bin;;.]
09-Oct-2022 15:21:56.151 INFO [main] org.apache.coyote.AbstractProtocol.init Initializing ProtocolHandler ["http-nio-8080"]
09-Oct-2022 15:21:56.172 INFO [main] org.apache.catalina.startup.Catalina.load Server initialization in [439] milliseconds
09-Oct-2022 15:21:56.211 INFO [main] org.apache.catalina.core.StandardService.startInternal Starting service [Catalina]
09-Oct-2022 15:21:56.212 INFO [main] org.apache.catalina.core.StandardEngine.startInternal Starting Servlet engine: [Apache Tomcat/10.0.26]
09-Oct-2022 15:21:56.242 INFO [main] org.apache.catalina.startup.HostConfig.deployWAR Deploying web application archive [C:\cUni\3year\IES_104360\lab2\lab2_1\apache-tomcat-10.0.26\webapps\web_app-1.1.war]
09-Oct-2022 15:21:56.510 INFO [main] org.apache.catalina.startup.HostConfig.deployWAR Deployment of web application archive [C:\cUni\3year\IES_104360\lab2\lab2_1\apache-tomcat-10.0.26\webapps\web_app-1.1.war] has finished in [267] ms
09-Oct-2022 15:21:56.511 INFO [main] org.apache.catalina.startup.HostConfig.deployDirectory Deploying web application directory [C:\cUni\3year\IES_104360\lab2\lab2_1\apache-tomcat-10.0.26\webapps\docs]
09-Oct-2022 15:21:56.549 INFO [main] org.apache.catalina.startup.HostConfig.deployDirectory Deployment of web application directory [C:\cUni\3year\IES_104360\lab2\lab2_1\apache-tomcat-10.0.26\webapps\docs] has finished in [38] ms
09-Oct-2022 15:21:56.550 INFO [main] org.apache.catalina.startup.HostConfig.deployDirectory Deploying web application directory [C:\cUni\3year\IES_104360\lab2\lab2_1\apache-tomcat-10.0.26\webapps\examples]
09-Oct-2022 15:21:57.084 INFO [main] org.apache.catalina.startup.HostConfig.deployDirectory Deployment of web application directory [C:\cUni\3year\IES_104360\lab2\lab2_1\apache-tomcat-10.0.26\webapps\examples] has finished in [535] ms
09-Oct-2022 15:21:57.085 INFO [main] org.apache.catalina.startup.HostConfig.deployDirectory Deploying web application directory [C:\cUni\3year\IES_104360\lab2\lab2_1\apache-tomcat-10.0.26\webapps\host-manager]
09-Oct-2022 15:21:57.127 INFO [main] org.apache.catalina.startup.HostConfig.deployDirectory Deployment of web application directory [C:\cUni\3year\IES_104360\lab2\lab2_1\apache-tomcat-10.0.26\webapps\host-manager] has finished in [42] ms
09-Oct-2022 15:21:57.127 INFO [main] org.apache.catalina.startup.HostConfig.deployDirectory Deploying web application directory [C:\cUni\3year\IES_104360\lab2\lab2_1\apache-tomcat-10.0.26\webapps\manager]
09-Oct-2022 15:21:57.167 INFO [main] org.apache.catalina.startup.HostConfig.deployDirectory Deployment of web application directory [C:\cUni\3year\IES_104360\lab2\lab2_1\apache-tomcat-10.0.26\webapps\manager] has finished in [40] ms
09-Oct-2022 15:21:57.168 INFO [main] org.apache.catalina.startup.HostConfig.deployDirectory Deploying web application directory [C:\cUni\3year\IES_104360\lab2\lab2_1\apache-tomcat-10.0.26\webapps\ROOT]
09-Oct-2022 15:21:57.190 INFO [main] org.apache.catalina.startup.HostConfig.deployDirectory Deployment of web application directory [C:\cUni\3year\IES_104360\lab2\lab2_1\apache-tomcat-10.0.26\webapps\ROOT] has finished in [22] ms
09-Oct-2022 15:21:57.193 INFO [main] org.apache.coyote.AbstractProtocol.start Starting ProtocolHandler ["http-nio-8080"]
09-Oct-2022 15:21:57.242 INFO [main] org.apache.catalina.startup.Catalina.start Server startup in [1069] milliseconds
09-Oct-2022 15:45:29.182 INFO [http-nio-8080-exec-4] org.apache.catalina.startup.HostConfig.deployWAR Deploying web application archive [C:\cUni\3year\IES_104360\lab2\lab2_1\apache-tomcat-10.0.26\webapps\web_app-1.2.war]
09-Oct-2022 15:45:29.229 INFO [http-nio-8080-exec-4] org.apache.catalina.startup.HostConfig.deployWAR Deployment of web application archive [C:\cUni\3year\IES_104360\lab2\lab2_1\apache-tomcat-10.0.26\webapps\web_app-1.2.war] has finished in [46] ms
09-Oct-2022 16:29:38.239 INFO [Thread-1] org.apache.coyote.AbstractProtocol.pause Pausing ProtocolHandler ["http-nio-8080"]
09-Oct-2022 16:29:38.252 INFO [Thread-1] org.apache.catalina.core.StandardService.stopInternal Stopping service [Catalina]
09-Oct-2022 16:29:38.278 INFO [Thread-1] org.apache.coyote.AbstractProtocol.stop Stopping ProtocolHandler ["http-nio-8080"]
09-Oct-2022 16:29:38.283 INFO [Thread-1] org.apache.coyote.AbstractProtocol.destroy Destroying ProtocolHandler ["http-nio-8080"]
