04-Oct-2022 14:24:02.239 INFO [main] org.apache.catalina.startup.VersionLoggerListener.log Server version name:   Apache Tomcat/10.0.26
04-Oct-2022 14:24:02.242 INFO [main] org.apache.catalina.startup.VersionLoggerListener.log Server built:          Sep 23 2022 10:25:44 UTC
04-Oct-2022 14:24:02.243 INFO [main] org.apache.catalina.startup.VersionLoggerListener.log Server version number: 10.0.26.0
04-Oct-2022 14:24:02.243 INFO [main] org.apache.catalina.startup.VersionLoggerListener.log OS Name:               Windows 10
04-Oct-2022 14:24:02.243 INFO [main] org.apache.catalina.startup.VersionLoggerListener.log OS Version:            10.0
04-Oct-2022 14:24:02.243 INFO [main] org.apache.catalina.startup.VersionLoggerListener.log Architecture:          amd64
04-Oct-2022 14:24:02.244 INFO [main] org.apache.catalina.startup.VersionLoggerListener.log Java Home:             C:\Program Files\Java\jdk-17.0.4.1
04-Oct-2022 14:24:02.244 INFO [main] org.apache.catalina.startup.VersionLoggerListener.log JVM Version:           17.0.4.1+1-LTS-2
04-Oct-2022 14:24:02.244 INFO [main] org.apache.catalina.startup.VersionLoggerListener.log JVM Vendor:            Oracle Corporation
04-Oct-2022 14:24:02.244 INFO [main] org.apache.catalina.startup.VersionLoggerListener.log CATALINA_BASE:         C:\cUni\3year\IES_104360\lab2\lab2_1\apache-tomcat-10.0.26
04-Oct-2022 14:24:02.244 INFO [main] org.apache.catalina.startup.VersionLoggerListener.log CATALINA_HOME:         C:\cUni\3year\IES_104360\lab2\lab2_1\apache-tomcat-10.0.26
04-Oct-2022 14:24:02.256 INFO [main] org.apache.catalina.startup.VersionLoggerListener.log Command line argument: --add-opens=java.base/java.lang=ALL-UNNAMED
04-Oct-2022 14:24:02.256 INFO [main] org.apache.catalina.startup.VersionLoggerListener.log Command line argument: --add-opens=java.base/java.io=ALL-UNNAMED
04-Oct-2022 14:24:02.256 INFO [main] org.apache.catalina.startup.VersionLoggerListener.log Command line argument: --add-opens=java.base/java.util=ALL-UNNAMED
04-Oct-2022 14:24:02.256 INFO [main] org.apache.catalina.startup.VersionLoggerListener.log Command line argument: --add-opens=java.base/java.util.concurrent=ALL-UNNAMED
04-Oct-2022 14:24:02.256 INFO [main] org.apache.catalina.startup.VersionLoggerListener.log Command line argument: --add-opens=java.rmi/sun.rmi.transport=ALL-UNNAMED
04-Oct-2022 14:24:02.256 INFO [main] org.apache.catalina.startup.VersionLoggerListener.log Command line argument: -Djava.util.logging.config.file=C:\cUni\3year\IES_104360\lab2\lab2_1\apache-tomcat-10.0.26\conf\logging.properties
04-Oct-2022 14:24:02.257 INFO [main] org.apache.catalina.startup.VersionLoggerListener.log Command line argument: -Djava.util.logging.manager=org.apache.juli.ClassLoaderLogManager
04-Oct-2022 14:24:02.257 INFO [main] org.apache.catalina.startup.VersionLoggerListener.log Command line argument: -Djdk.tls.ephemeralDHKeySize=2048
04-Oct-2022 14:24:02.257 INFO [main] org.apache.catalina.startup.VersionLoggerListener.log Command line argument: -Djava.protocol.handler.pkgs=org.apache.catalina.webresources
04-Oct-2022 14:24:02.257 INFO [main] org.apache.catalina.startup.VersionLoggerListener.log Command line argument: -Dignore.endorsed.dirs=
04-Oct-2022 14:24:02.258 INFO [main] org.apache.catalina.startup.VersionLoggerListener.log Command line argument: -Dcatalina.base=C:\cUni\3year\IES_104360\lab2\lab2_1\apache-tomcat-10.0.26
04-Oct-2022 14:24:02.258 INFO [main] org.apache.catalina.startup.VersionLoggerListener.log Command line argument: -Dcatalina.home=C:\cUni\3year\IES_104360\lab2\lab2_1\apache-tomcat-10.0.26
04-Oct-2022 14:24:02.258 INFO [main] org.apache.catalina.startup.VersionLoggerListener.log Command line argument: -Djava.io.tmpdir=C:\cUni\3year\IES_104360\lab2\lab2_1\apache-tomcat-10.0.26\temp
04-Oct-2022 14:24:02.267 INFO [main] org.apache.catalina.core.AprLifecycleListener.lifecycleEvent The Apache Tomcat Native library which allows using OpenSSL was not found on the java.library.path: [C:\Program Files\Java\jdk-17.0.4.1\bin;C:\Windows\Sun\Java\bin;C:\Windows\system32;C:\Windows;C:\Program Files\Common Files\Oracle\Java\javapath;C:\Program Files (x86)\Common Files\Oracle\Java\javapath;C:\Windows\system32;C:\Windows;C:\Windows\System32\Wbem;C:\Windows\System32\WindowsPowerShell\v1.0\;C:\Windows\System32\OpenSSH\;C:\Program Files (x86)\NVIDIA Corporation\PhysX\Common;C:\Program Files\nodejs\;C:\Program Files\MATLAB\R2021b\bin;C:\Program Files\PuTTY\;C:\Program Files\Git\cmd;C:\Program Files (x86)\Microsoft SQL Server\150\DTS\Binn\;C:\Program Files\Azure Data Studio\bin;C:\Program Files\dotnet\;C:\Program Files\Microsoft SQL Server\Client SDK\ODBC\170\Tools\Binn\;C:\Program Files (x86)\Microsoft SQL Server\150\Tools\Binn\;C:\Program Files\Microsoft SQL Server\150\Tools\Binn\;C:\Program Files\Microsoft SQL Server\150\DTS\Binn\;C:\apache-maven-3.8.6-bin\apache-maven-3.8.6\bin;;C:\Program Files\Docker\Docker\resources\bin;C:\ProgramData\DockerDesktop\version-bin;C:\Users\jtele\AppData\Local\Programs\AdoptOpenJDK\jdk-11.0.11.9-hotspot\bin;C:\Users\jtele\AppData\Local\Microsoft\WindowsApps;C:\Users\jtele\AppData\Local\Programs\Microsoft VS Code\bin;C:\php;C:\Users\jtele\AppData\Roaming\npm;C:\Users\jtele\AppData\Local\GitHubDesktop\bin;C:\Program Files\Azure Data Studio\bin;C:\Users\jtele\.dotnet\tools;.]
04-Oct-2022 14:24:02.453 INFO [main] org.apache.coyote.AbstractProtocol.init Initializing ProtocolHandler ["http-nio-8080"]
04-Oct-2022 14:24:02.469 INFO [main] org.apache.catalina.startup.Catalina.load Server initialization in [403] milliseconds
04-Oct-2022 14:24:02.516 INFO [main] org.apache.catalina.core.StandardService.startInternal Starting service [Catalina]
04-Oct-2022 14:24:02.516 INFO [main] org.apache.catalina.core.StandardEngine.startInternal Starting Servlet engine: [Apache Tomcat/10.0.26]
04-Oct-2022 14:24:02.531 INFO [main] org.apache.catalina.startup.HostConfig.deployDirectory Deploying web application directory [C:\cUni\3year\IES_104360\lab2\lab2_1\apache-tomcat-10.0.26\webapps\docs]
04-Oct-2022 14:24:02.771 INFO [main] org.apache.catalina.startup.HostConfig.deployDirectory Deployment of web application directory [C:\cUni\3year\IES_104360\lab2\lab2_1\apache-tomcat-10.0.26\webapps\docs] has finished in [240] ms
04-Oct-2022 14:24:02.771 INFO [main] org.apache.catalina.startup.HostConfig.deployDirectory Deploying web application directory [C:\cUni\3year\IES_104360\lab2\lab2_1\apache-tomcat-10.0.26\webapps\examples]
04-Oct-2022 14:24:03.160 INFO [main] org.apache.catalina.startup.HostConfig.deployDirectory Deployment of web application directory [C:\cUni\3year\IES_104360\lab2\lab2_1\apache-tomcat-10.0.26\webapps\examples] has finished in [389] ms
04-Oct-2022 14:24:03.160 INFO [main] org.apache.catalina.startup.HostConfig.deployDirectory Deploying web application directory [C:\cUni\3year\IES_104360\lab2\lab2_1\apache-tomcat-10.0.26\webapps\host-manager]
04-Oct-2022 14:24:03.206 INFO [main] org.apache.catalina.startup.HostConfig.deployDirectory Deployment of web application directory [C:\cUni\3year\IES_104360\lab2\lab2_1\apache-tomcat-10.0.26\webapps\host-manager] has finished in [46] ms
04-Oct-2022 14:24:03.206 INFO [main] org.apache.catalina.startup.HostConfig.deployDirectory Deploying web application directory [C:\cUni\3year\IES_104360\lab2\lab2_1\apache-tomcat-10.0.26\webapps\manager]
04-Oct-2022 14:24:03.238 INFO [main] org.apache.catalina.startup.HostConfig.deployDirectory Deployment of web application directory [C:\cUni\3year\IES_104360\lab2\lab2_1\apache-tomcat-10.0.26\webapps\manager] has finished in [32] ms
04-Oct-2022 14:24:03.238 INFO [main] org.apache.catalina.startup.HostConfig.deployDirectory Deploying web application directory [C:\cUni\3year\IES_104360\lab2\lab2_1\apache-tomcat-10.0.26\webapps\ROOT]
04-Oct-2022 14:24:03.269 INFO [main] org.apache.catalina.startup.HostConfig.deployDirectory Deployment of web application directory [C:\cUni\3year\IES_104360\lab2\lab2_1\apache-tomcat-10.0.26\webapps\ROOT] has finished in [31] ms
04-Oct-2022 14:24:03.269 INFO [main] org.apache.coyote.AbstractProtocol.start Starting ProtocolHandler ["http-nio-8080"]
04-Oct-2022 14:24:03.316 INFO [main] org.apache.catalina.startup.Catalina.start Server startup in [836] milliseconds
04-Oct-2022 14:30:13.698 INFO [Catalina-utility-2] org.apache.catalina.users.MemoryUserDatabase.backgroundProcess Reloading memory user database [UserDatabase] from updated source [file:/C:/cUni/3year/IES_104360/lab2/lab2_1/apache-tomcat-10.0.26/conf/tomcat-users.xml]
04-Oct-2022 14:33:03.930 INFO [Catalina-utility-2] org.apache.catalina.users.MemoryUserDatabase.backgroundProcess Reloading memory user database [UserDatabase] from updated source [file:/C:/cUni/3year/IES_104360/lab2/lab2_1/apache-tomcat-10.0.26/conf/tomcat-users.xml]
04-Oct-2022 14:33:46.983 INFO [Thread-1] org.apache.coyote.AbstractProtocol.pause Pausing ProtocolHandler ["http-nio-8080"]
04-Oct-2022 14:33:46.999 INFO [Thread-1] org.apache.catalina.core.StandardService.stopInternal Stopping service [Catalina]
04-Oct-2022 14:33:47.010 INFO [Thread-1] org.apache.coyote.AbstractProtocol.stop Stopping ProtocolHandler ["http-nio-8080"]
04-Oct-2022 14:33:47.026 INFO [Thread-1] org.apache.coyote.AbstractProtocol.destroy Destroying ProtocolHandler ["http-nio-8080"]
04-Oct-2022 14:33:53.427 INFO [main] org.apache.catalina.startup.VersionLoggerListener.log Server version name:   Apache Tomcat/10.0.26
04-Oct-2022 14:33:53.444 INFO [main] org.apache.catalina.startup.VersionLoggerListener.log Server built:          Sep 23 2022 10:25:44 UTC
04-Oct-2022 14:33:53.444 INFO [main] org.apache.catalina.startup.VersionLoggerListener.log Server version number: 10.0.26.0
04-Oct-2022 14:33:53.444 INFO [main] org.apache.catalina.startup.VersionLoggerListener.log OS Name:               Windows 10
04-Oct-2022 14:33:53.444 INFO [main] org.apache.catalina.startup.VersionLoggerListener.log OS Version:            10.0
04-Oct-2022 14:33:53.444 INFO [main] org.apache.catalina.startup.VersionLoggerListener.log Architecture:          amd64
04-Oct-2022 14:33:53.444 INFO [main] org.apache.catalina.startup.VersionLoggerListener.log Java Home:             C:\Program Files\Java\jdk-17.0.4.1
04-Oct-2022 14:33:53.444 INFO [main] org.apache.catalina.startup.VersionLoggerListener.log JVM Version:           17.0.4.1+1-LTS-2
04-Oct-2022 14:33:53.444 INFO [main] org.apache.catalina.startup.VersionLoggerListener.log JVM Vendor:            Oracle Corporation
04-Oct-2022 14:33:53.444 INFO [main] org.apache.catalina.startup.VersionLoggerListener.log CATALINA_BASE:         C:\cUni\3year\IES_104360\lab2\lab2_1\apache-tomcat-10.0.26
04-Oct-2022 14:33:53.444 INFO [main] org.apache.catalina.startup.VersionLoggerListener.log CATALINA_HOME:         C:\cUni\3year\IES_104360\lab2\lab2_1\apache-tomcat-10.0.26
04-Oct-2022 14:33:53.450 INFO [main] org.apache.catalina.startup.VersionLoggerListener.log Command line argument: --add-opens=java.base/java.lang=ALL-UNNAMED
04-Oct-2022 14:33:53.450 INFO [main] org.apache.catalina.startup.VersionLoggerListener.log Command line argument: --add-opens=java.base/java.io=ALL-UNNAMED
04-Oct-2022 14:33:53.450 INFO [main] org.apache.catalina.startup.VersionLoggerListener.log Command line argument: --add-opens=java.base/java.util=ALL-UNNAMED
04-Oct-2022 14:33:53.450 INFO [main] org.apache.catalina.startup.VersionLoggerListener.log Command line argument: --add-opens=java.base/java.util.concurrent=ALL-UNNAMED
04-Oct-2022 14:33:53.450 INFO [main] org.apache.catalina.startup.VersionLoggerListener.log Command line argument: --add-opens=java.rmi/sun.rmi.transport=ALL-UNNAMED
04-Oct-2022 14:33:53.450 INFO [main] org.apache.catalina.startup.VersionLoggerListener.log Command line argument: -Djava.util.logging.config.file=C:\cUni\3year\IES_104360\lab2\lab2_1\apache-tomcat-10.0.26\conf\logging.properties
04-Oct-2022 14:33:53.450 INFO [main] org.apache.catalina.startup.VersionLoggerListener.log Command line argument: -Djava.util.logging.manager=org.apache.juli.ClassLoaderLogManager
04-Oct-2022 14:33:53.450 INFO [main] org.apache.catalina.startup.VersionLoggerListener.log Command line argument: -Djdk.tls.ephemeralDHKeySize=2048
04-Oct-2022 14:33:53.450 INFO [main] org.apache.catalina.startup.VersionLoggerListener.log Command line argument: -Djava.protocol.handler.pkgs=org.apache.catalina.webresources
04-Oct-2022 14:33:53.450 INFO [main] org.apache.catalina.startup.VersionLoggerListener.log Command line argument: -Dignore.endorsed.dirs=
04-Oct-2022 14:33:53.450 INFO [main] org.apache.catalina.startup.VersionLoggerListener.log Command line argument: -Dcatalina.base=C:\cUni\3year\IES_104360\lab2\lab2_1\apache-tomcat-10.0.26
04-Oct-2022 14:33:53.450 INFO [main] org.apache.catalina.startup.VersionLoggerListener.log Command line argument: -Dcatalina.home=C:\cUni\3year\IES_104360\lab2\lab2_1\apache-tomcat-10.0.26
04-Oct-2022 14:33:53.450 INFO [main] org.apache.catalina.startup.VersionLoggerListener.log Command line argument: -Djava.io.tmpdir=C:\cUni\3year\IES_104360\lab2\lab2_1\apache-tomcat-10.0.26\temp
04-Oct-2022 14:33:53.450 INFO [main] org.apache.catalina.core.AprLifecycleListener.lifecycleEvent The Apache Tomcat Native library which allows using OpenSSL was not found on the java.library.path: [C:\Program Files\Java\jdk-17.0.4.1\bin;C:\Windows\Sun\Java\bin;C:\Windows\system32;C:\Windows;C:\Program Files\Common Files\Oracle\Java\javapath;C:\Program Files (x86)\Common Files\Oracle\Java\javapath;C:\Windows\system32;C:\Windows;C:\Windows\System32\Wbem;C:\Windows\System32\WindowsPowerShell\v1.0\;C:\Windows\System32\OpenSSH\;C:\Program Files (x86)\NVIDIA Corporation\PhysX\Common;C:\Program Files\nodejs\;C:\Program Files\MATLAB\R2021b\bin;C:\Program Files\PuTTY\;C:\Program Files\Git\cmd;C:\Program Files (x86)\Microsoft SQL Server\150\DTS\Binn\;C:\Program Files\Azure Data Studio\bin;C:\Program Files\dotnet\;C:\Program Files\Microsoft SQL Server\Client SDK\ODBC\170\Tools\Binn\;C:\Program Files (x86)\Microsoft SQL Server\150\Tools\Binn\;C:\Program Files\Microsoft SQL Server\150\Tools\Binn\;C:\Program Files\Microsoft SQL Server\150\DTS\Binn\;C:\apache-maven-3.8.6-bin\apache-maven-3.8.6\bin;;C:\Program Files\Docker\Docker\resources\bin;C:\ProgramData\DockerDesktop\version-bin;C:\Users\jtele\AppData\Local\Programs\AdoptOpenJDK\jdk-11.0.11.9-hotspot\bin;C:\Users\jtele\AppData\Local\Microsoft\WindowsApps;C:\Users\jtele\AppData\Local\Programs\Microsoft VS Code\bin;C:\php;C:\Users\jtele\AppData\Roaming\npm;C:\Users\jtele\AppData\Local\GitHubDesktop\bin;C:\Program Files\Azure Data Studio\bin;C:\Users\jtele\.dotnet\tools;.]
04-Oct-2022 14:33:53.642 INFO [main] org.apache.coyote.AbstractProtocol.init Initializing ProtocolHandler ["http-nio-8080"]
04-Oct-2022 14:33:53.660 INFO [main] org.apache.catalina.startup.Catalina.load Server initialization in [368] milliseconds
04-Oct-2022 14:33:53.693 INFO [main] org.apache.catalina.core.StandardService.startInternal Starting service [Catalina]
04-Oct-2022 14:33:53.693 INFO [main] org.apache.catalina.core.StandardEngine.startInternal Starting Servlet engine: [Apache Tomcat/10.0.26]
04-Oct-2022 14:33:53.693 INFO [main] org.apache.catalina.startup.HostConfig.deployDirectory Deploying web application directory [C:\cUni\3year\IES_104360\lab2\lab2_1\apache-tomcat-10.0.26\webapps\docs]
04-Oct-2022 14:33:53.945 INFO [main] org.apache.catalina.startup.HostConfig.deployDirectory Deployment of web application directory [C:\cUni\3year\IES_104360\lab2\lab2_1\apache-tomcat-10.0.26\webapps\docs] has finished in [252] ms
04-Oct-2022 14:33:53.945 INFO [main] org.apache.catalina.startup.HostConfig.deployDirectory Deploying web application directory [C:\cUni\3year\IES_104360\lab2\lab2_1\apache-tomcat-10.0.26\webapps\examples]
04-Oct-2022 14:33:54.320 INFO [main] org.apache.catalina.startup.HostConfig.deployDirectory Deployment of web application directory [C:\cUni\3year\IES_104360\lab2\lab2_1\apache-tomcat-10.0.26\webapps\examples] has finished in [359] ms
04-Oct-2022 14:33:54.320 INFO [main] org.apache.catalina.startup.HostConfig.deployDirectory Deploying web application directory [C:\cUni\3year\IES_104360\lab2\lab2_1\apache-tomcat-10.0.26\webapps\host-manager]
04-Oct-2022 14:33:54.351 INFO [main] org.apache.catalina.startup.HostConfig.deployDirectory Deployment of web application directory [C:\cUni\3year\IES_104360\lab2\lab2_1\apache-tomcat-10.0.26\webapps\host-manager] has finished in [31] ms
04-Oct-2022 14:33:54.351 INFO [main] org.apache.catalina.startup.HostConfig.deployDirectory Deploying web application directory [C:\cUni\3year\IES_104360\lab2\lab2_1\apache-tomcat-10.0.26\webapps\manager]
04-Oct-2022 14:33:54.398 INFO [main] org.apache.catalina.startup.HostConfig.deployDirectory Deployment of web application directory [C:\cUni\3year\IES_104360\lab2\lab2_1\apache-tomcat-10.0.26\webapps\manager] has finished in [47] ms
04-Oct-2022 14:33:54.398 INFO [main] org.apache.catalina.startup.HostConfig.deployDirectory Deploying web application directory [C:\cUni\3year\IES_104360\lab2\lab2_1\apache-tomcat-10.0.26\webapps\ROOT]
04-Oct-2022 14:33:54.413 INFO [main] org.apache.catalina.startup.HostConfig.deployDirectory Deployment of web application directory [C:\cUni\3year\IES_104360\lab2\lab2_1\apache-tomcat-10.0.26\webapps\ROOT] has finished in [15] ms
04-Oct-2022 14:33:54.413 INFO [main] org.apache.coyote.AbstractProtocol.start Starting ProtocolHandler ["http-nio-8080"]
04-Oct-2022 14:33:54.460 INFO [main] org.apache.catalina.startup.Catalina.start Server startup in [811] milliseconds
04-Oct-2022 15:30:47.861 INFO [Catalina-utility-1] org.apache.catalina.startup.HostConfig.deployWAR Deploying web application archive [C:\cUni\3year\IES_104360\lab2\lab2_1\apache-tomcat-10.0.26\webapps\web_app-1.1.war]
04-Oct-2022 15:30:47.935 INFO [Catalina-utility-1] org.apache.catalina.startup.HostConfig.deployWAR Deployment of web application archive [C:\cUni\3year\IES_104360\lab2\lab2_1\apache-tomcat-10.0.26\webapps\web_app-1.1.war] has finished in [74] ms
04-Oct-2022 15:32:10.789 INFO [Thread-1] org.apache.coyote.AbstractProtocol.pause Pausing ProtocolHandler ["http-nio-8080"]
04-Oct-2022 15:32:10.789 INFO [Thread-1] org.apache.catalina.core.StandardService.stopInternal Stopping service [Catalina]
04-Oct-2022 15:32:10.812 INFO [Thread-1] org.apache.coyote.AbstractProtocol.stop Stopping ProtocolHandler ["http-nio-8080"]
04-Oct-2022 15:32:10.828 INFO [Thread-1] org.apache.coyote.AbstractProtocol.destroy Destroying ProtocolHandler ["http-nio-8080"]
04-Oct-2022 15:32:20.168 INFO [main] org.apache.catalina.startup.VersionLoggerListener.log Server version name:   Apache Tomcat/10.0.26
04-Oct-2022 15:32:20.178 INFO [main] org.apache.catalina.startup.VersionLoggerListener.log Server built:          Sep 23 2022 10:25:44 UTC
04-Oct-2022 15:32:20.178 INFO [main] org.apache.catalina.startup.VersionLoggerListener.log Server version number: 10.0.26.0
04-Oct-2022 15:32:20.178 INFO [main] org.apache.catalina.startup.VersionLoggerListener.log OS Name:               Windows 10
04-Oct-2022 15:32:20.178 INFO [main] org.apache.catalina.startup.VersionLoggerListener.log OS Version:            10.0
04-Oct-2022 15:32:20.178 INFO [main] org.apache.catalina.startup.VersionLoggerListener.log Architecture:          amd64
04-Oct-2022 15:32:20.178 INFO [main] org.apache.catalina.startup.VersionLoggerListener.log Java Home:             C:\Program Files\Java\jdk-17.0.4.1
04-Oct-2022 15:32:20.178 INFO [main] org.apache.catalina.startup.VersionLoggerListener.log JVM Version:           17.0.4.1+1-LTS-2
04-Oct-2022 15:32:20.178 INFO [main] org.apache.catalina.startup.VersionLoggerListener.log JVM Vendor:            Oracle Corporation
04-Oct-2022 15:32:20.178 INFO [main] org.apache.catalina.startup.VersionLoggerListener.log CATALINA_BASE:         C:\cUni\3year\IES_104360\lab2\lab2_1\apache-tomcat-10.0.26
04-Oct-2022 15:32:20.178 INFO [main] org.apache.catalina.startup.VersionLoggerListener.log CATALINA_HOME:         C:\cUni\3year\IES_104360\lab2\lab2_1\apache-tomcat-10.0.26
04-Oct-2022 15:32:20.184 INFO [main] org.apache.catalina.startup.VersionLoggerListener.log Command line argument: --add-opens=java.base/java.lang=ALL-UNNAMED
04-Oct-2022 15:32:20.184 INFO [main] org.apache.catalina.startup.VersionLoggerListener.log Command line argument: --add-opens=java.base/java.io=ALL-UNNAMED
04-Oct-2022 15:32:20.184 INFO [main] org.apache.catalina.startup.VersionLoggerListener.log Command line argument: --add-opens=java.base/java.util=ALL-UNNAMED
04-Oct-2022 15:32:20.184 INFO [main] org.apache.catalina.startup.VersionLoggerListener.log Command line argument: --add-opens=java.base/java.util.concurrent=ALL-UNNAMED
04-Oct-2022 15:32:20.184 INFO [main] org.apache.catalina.startup.VersionLoggerListener.log Command line argument: --add-opens=java.rmi/sun.rmi.transport=ALL-UNNAMED
04-Oct-2022 15:32:20.184 INFO [main] org.apache.catalina.startup.VersionLoggerListener.log Command line argument: -Djava.util.logging.config.file=C:\cUni\3year\IES_104360\lab2\lab2_1\apache-tomcat-10.0.26\conf\logging.properties
04-Oct-2022 15:32:20.184 INFO [main] org.apache.catalina.startup.VersionLoggerListener.log Command line argument: -Djava.util.logging.manager=org.apache.juli.ClassLoaderLogManager
04-Oct-2022 15:32:20.184 INFO [main] org.apache.catalina.startup.VersionLoggerListener.log Command line argument: -Djdk.tls.ephemeralDHKeySize=2048
04-Oct-2022 15:32:20.184 INFO [main] org.apache.catalina.startup.VersionLoggerListener.log Command line argument: -Djava.protocol.handler.pkgs=org.apache.catalina.webresources
04-Oct-2022 15:32:20.184 INFO [main] org.apache.catalina.startup.VersionLoggerListener.log Command line argument: -Dignore.endorsed.dirs=
04-Oct-2022 15:32:20.184 INFO [main] org.apache.catalina.startup.VersionLoggerListener.log Command line argument: -Dcatalina.base=C:\cUni\3year\IES_104360\lab2\lab2_1\apache-tomcat-10.0.26
04-Oct-2022 15:32:20.184 INFO [main] org.apache.catalina.startup.VersionLoggerListener.log Command line argument: -Dcatalina.home=C:\cUni\3year\IES_104360\lab2\lab2_1\apache-tomcat-10.0.26
04-Oct-2022 15:32:20.184 INFO [main] org.apache.catalina.startup.VersionLoggerListener.log Command line argument: -Djava.io.tmpdir=C:\cUni\3year\IES_104360\lab2\lab2_1\apache-tomcat-10.0.26\temp
04-Oct-2022 15:32:20.184 INFO [main] org.apache.catalina.core.AprLifecycleListener.lifecycleEvent The Apache Tomcat Native library which allows using OpenSSL was not found on the java.library.path: [C:\Program Files\Java\jdk-17.0.4.1\bin;C:\Windows\Sun\Java\bin;C:\Windows\system32;C:\Windows;C:\Program Files\Common Files\Oracle\Java\javapath;C:\Program Files (x86)\Common Files\Oracle\Java\javapath;C:\Windows\system32;C:\Windows;C:\Windows\System32\Wbem;C:\Windows\System32\WindowsPowerShell\v1.0\;C:\Windows\System32\OpenSSH\;C:\Program Files (x86)\NVIDIA Corporation\PhysX\Common;C:\Program Files\nodejs\;C:\Program Files\MATLAB\R2021b\bin;C:\Program Files\PuTTY\;C:\Program Files\Git\cmd;C:\Program Files (x86)\Microsoft SQL Server\150\DTS\Binn\;C:\Program Files\Azure Data Studio\bin;C:\Program Files\dotnet\;C:\Program Files\Microsoft SQL Server\Client SDK\ODBC\170\Tools\Binn\;C:\Program Files (x86)\Microsoft SQL Server\150\Tools\Binn\;C:\Program Files\Microsoft SQL Server\150\Tools\Binn\;C:\Program Files\Microsoft SQL Server\150\DTS\Binn\;C:\apache-maven-3.8.6-bin\apache-maven-3.8.6\bin;;C:\Program Files\Docker\Docker\resources\bin;C:\ProgramData\DockerDesktop\version-bin;C:\Users\jtele\AppData\Local\Programs\AdoptOpenJDK\jdk-11.0.11.9-hotspot\bin;C:\Users\jtele\AppData\Local\Microsoft\WindowsApps;C:\Users\jtele\AppData\Local\Programs\Microsoft VS Code\bin;C:\php;C:\Users\jtele\AppData\Roaming\npm;C:\Users\jtele\AppData\Local\GitHubDesktop\bin;C:\Program Files\Azure Data Studio\bin;C:\Users\jtele\.dotnet\tools;.]
04-Oct-2022 15:32:20.372 INFO [main] org.apache.coyote.AbstractProtocol.init Initializing ProtocolHandler ["http-nio-8080"]
04-Oct-2022 15:32:20.387 INFO [main] org.apache.catalina.startup.Catalina.load Server initialization in [346] milliseconds
04-Oct-2022 15:32:20.418 INFO [main] org.apache.catalina.core.StandardService.startInternal Starting service [Catalina]
04-Oct-2022 15:32:20.418 INFO [main] org.apache.catalina.core.StandardEngine.startInternal Starting Servlet engine: [Apache Tomcat/10.0.26]
04-Oct-2022 15:32:20.434 INFO [main] org.apache.catalina.startup.HostConfig.deployWAR Deploying web application archive [C:\cUni\3year\IES_104360\lab2\lab2_1\apache-tomcat-10.0.26\webapps\web_app-1.1.war]
04-Oct-2022 15:32:20.717 INFO [main] org.apache.catalina.startup.HostConfig.deployWAR Deployment of web application archive [C:\cUni\3year\IES_104360\lab2\lab2_1\apache-tomcat-10.0.26\webapps\web_app-1.1.war] has finished in [283] ms
04-Oct-2022 15:32:20.717 INFO [main] org.apache.catalina.startup.HostConfig.deployDirectory Deploying web application directory [C:\cUni\3year\IES_104360\lab2\lab2_1\apache-tomcat-10.0.26\webapps\docs]
04-Oct-2022 15:32:20.748 INFO [main] org.apache.catalina.startup.HostConfig.deployDirectory Deployment of web application directory [C:\cUni\3year\IES_104360\lab2\lab2_1\apache-tomcat-10.0.26\webapps\docs] has finished in [31] ms
04-Oct-2022 15:32:20.748 INFO [main] org.apache.catalina.startup.HostConfig.deployDirectory Deploying web application directory [C:\cUni\3year\IES_104360\lab2\lab2_1\apache-tomcat-10.0.26\webapps\examples]
04-Oct-2022 15:32:21.107 INFO [main] org.apache.catalina.startup.HostConfig.deployDirectory Deployment of web application directory [C:\cUni\3year\IES_104360\lab2\lab2_1\apache-tomcat-10.0.26\webapps\examples] has finished in [359] ms
04-Oct-2022 15:32:21.107 INFO [main] org.apache.catalina.startup.HostConfig.deployDirectory Deploying web application directory [C:\cUni\3year\IES_104360\lab2\lab2_1\apache-tomcat-10.0.26\webapps\host-manager]
04-Oct-2022 15:32:21.154 INFO [main] org.apache.catalina.startup.HostConfig.deployDirectory Deployment of web application directory [C:\cUni\3year\IES_104360\lab2\lab2_1\apache-tomcat-10.0.26\webapps\host-manager] has finished in [47] ms
04-Oct-2022 15:32:21.154 INFO [main] org.apache.catalina.startup.HostConfig.deployDirectory Deploying web application directory [C:\cUni\3year\IES_104360\lab2\lab2_1\apache-tomcat-10.0.26\webapps\manager]
04-Oct-2022 15:32:21.185 INFO [main] org.apache.catalina.startup.HostConfig.deployDirectory Deployment of web application directory [C:\cUni\3year\IES_104360\lab2\lab2_1\apache-tomcat-10.0.26\webapps\manager] has finished in [31] ms
04-Oct-2022 15:32:21.185 INFO [main] org.apache.catalina.startup.HostConfig.deployDirectory Deploying web application directory [C:\cUni\3year\IES_104360\lab2\lab2_1\apache-tomcat-10.0.26\webapps\ROOT]
04-Oct-2022 15:32:21.216 INFO [main] org.apache.catalina.startup.HostConfig.deployDirectory Deployment of web application directory [C:\cUni\3year\IES_104360\lab2\lab2_1\apache-tomcat-10.0.26\webapps\ROOT] has finished in [31] ms
04-Oct-2022 15:32:21.223 INFO [main] org.apache.coyote.AbstractProtocol.start Starting ProtocolHandler ["http-nio-8080"]
04-Oct-2022 15:32:21.270 INFO [main] org.apache.catalina.startup.Catalina.start Server startup in [878] milliseconds
04-Oct-2022 16:04:04.684 INFO [Thread-1] org.apache.coyote.AbstractProtocol.pause Pausing ProtocolHandler ["http-nio-8080"]
04-Oct-2022 16:04:04.699 INFO [Thread-1] org.apache.catalina.core.StandardService.stopInternal Stopping service [Catalina]
04-Oct-2022 16:04:04.720 INFO [Thread-1] org.apache.coyote.AbstractProtocol.stop Stopping ProtocolHandler ["http-nio-8080"]
04-Oct-2022 16:04:04.738 INFO [Thread-1] org.apache.coyote.AbstractProtocol.destroy Destroying ProtocolHandler ["http-nio-8080"]
